<?xml version="1.0" encoding="UTF-8"?>
<testsuite xmlns:xsi="http://www.w3.org/2001/XMLSchema-instance" xsi:noNamespaceSchemaLocation="https://maven.apache.org/surefire/maven-surefire-plugin/xsd/surefire-test-report-3.0.xsd" version="3.0" name="com.mycompany.chess.BoardTest" time="0.214" tests="9" errors="0" skipped="0" failures="1">
  <properties>
    <property name="java.specification.version" value="23"/>
    <property name="sun.cpu.isalist" value="amd64"/>
    <property name="sun.jnu.encoding" value="Cp1252"/>
    <property name="java.class.path" value="C:\Users\jolan\OneDrive\Desktop\varsity\2025\semester 2\prog\assignment\Chess\target\test-classes;C:\Users\jolan\OneDrive\Desktop\varsity\2025\semester 2\prog\assignment\Chess\target\classes;C:\Users\jolan\.m2\repository\org\junit\jupiter\junit-jupiter-api\5.10.3\junit-jupiter-api-5.10.3.jar;C:\Users\jolan\.m2\repository\org\opentest4j\opentest4j\1.3.0\opentest4j-1.3.0.jar;C:\Users\jolan\.m2\repository\org\junit\platform\junit-platform-commons\1.10.3\junit-platform-commons-1.10.3.jar;C:\Users\jolan\.m2\repository\org\apiguardian\apiguardian-api\1.1.2\apiguardian-api-1.1.2.jar;C:\Users\jolan\.m2\repository\org\junit\jupiter\junit-jupiter-params\5.10.3\junit-jupiter-params-5.10.3.jar;C:\Users\jolan\.m2\repository\org\junit\jupiter\junit-jupiter-engine\5.10.3\junit-jupiter-engine-5.10.3.jar;C:\Users\jolan\.m2\repository\org\junit\platform\junit-platform-engine\1.10.3\junit-platform-engine-1.10.3.jar;"/>
    <property name="java.vm.vendor" value="Oracle Corporation"/>
    <property name="sun.arch.data.model" value="64"/>
    <property name="user.variant" value=""/>
    <property name="java.vendor.url" value="https://java.oracle.com/"/>
    <property name="user.timezone" value="Africa/Johannesburg"/>
    <property name="os.name" value="Windows 11"/>
    <property name="java.vm.specification.version" value="23"/>
    <property name="user.country" value="GB"/>
    <property name="sun.java.launcher" value="SUN_STANDARD"/>
    <property name="sun.boot.library.path" value="C:\Program Files\Java\jdk-23\bin"/>
    <property name="sun.java.command" value="C:\Users\jolan\AppData\Local\Temp\surefire1250400375921450316\surefirebooter-20250904220308750_3.jar C:\Users\jolan\AppData\Local\Temp\surefire1250400375921450316 2025-09-04T22-03-08_431-jvmRun1 surefire-20250904220308750_1tmp surefire_0-20250904220308750_2tmp"/>
    <property name="jdk.debug" value="release"/>
    <property name="test" value="com.mycompany.chess.BoardTest"/>
    <property name="surefire.test.class.path" value="C:\Users\jolan\OneDrive\Desktop\varsity\2025\semester 2\prog\assignment\Chess\target\test-classes;C:\Users\jolan\OneDrive\Desktop\varsity\2025\semester 2\prog\assignment\Chess\target\classes;C:\Users\jolan\.m2\repository\org\junit\jupiter\junit-jupiter-api\5.10.3\junit-jupiter-api-5.10.3.jar;C:\Users\jolan\.m2\repository\org\opentest4j\opentest4j\1.3.0\opentest4j-1.3.0.jar;C:\Users\jolan\.m2\repository\org\junit\platform\junit-platform-commons\1.10.3\junit-platform-commons-1.10.3.jar;C:\Users\jolan\.m2\repository\org\apiguardian\apiguardian-api\1.1.2\apiguardian-api-1.1.2.jar;C:\Users\jolan\.m2\repository\org\junit\jupiter\junit-jupiter-params\5.10.3\junit-jupiter-params-5.10.3.jar;C:\Users\jolan\.m2\repository\org\junit\jupiter\junit-jupiter-engine\5.10.3\junit-jupiter-engine-5.10.3.jar;C:\Users\jolan\.m2\repository\org\junit\platform\junit-platform-engine\1.10.3\junit-platform-engine-1.10.3.jar;"/>
    <property name="sun.cpu.endian" value="little"/>
    <property name="user.home" value="C:\Users\jolan"/>
    <property name="user.language" value="en"/>
    <property name="java.specification.vendor" value="Oracle Corporation"/>
    <property name="java.version.date" value="2025-01-21"/>
    <property name="java.home" value="C:\Program Files\Java\jdk-23"/>
    <property name="file.separator" value="\"/>
    <property name="basedir" value="C:\Users\jolan\OneDrive\Desktop\varsity\2025\semester 2\prog\assignment\Chess"/>
    <property name="java.vm.compressedOopsMode" value="32-bit"/>
    <property name="line.separator" value="&#10;"/>
    <property name="java.vm.specification.vendor" value="Oracle Corporation"/>
    <property name="java.specification.name" value="Java Platform API Specification"/>
    <property name="surefire.real.class.path" value="C:\Users\jolan\AppData\Local\Temp\surefire1250400375921450316\surefirebooter-20250904220308750_3.jar"/>
    <property name="user.script" value=""/>
    <property name="sun.management.compiler" value="HotSpot 64-Bit Tiered Compilers"/>
    <property name="java.runtime.version" value="23.0.2+7-58"/>
    <property name="user.name" value="jolan"/>
    <property name="stdout.encoding" value="Cp1252"/>
    <property name="path.separator" value=";"/>
    <property name="os.version" value="10.0"/>
    <property name="java.runtime.name" value="Java(TM) SE Runtime Environment"/>
    <property name="file.encoding" value="UTF-8"/>
    <property name="java.vm.name" value="Java HotSpot(TM) 64-Bit Server VM"/>
    <property name="maven.ext.class.path" value="C:\Program Files\NetBeans-24\netbeans\java\maven-nblib\netbeans-eventspy.jar"/>
    <property name="localRepository" value="C:\Users\jolan\.m2\repository"/>
    <property name="java.vendor.url.bug" value="https://bugreport.java.com/bugreport/"/>
    <property name="java.io.tmpdir" value="C:\Users\jolan\AppData\Local\Temp\"/>
    <property name="java.version" value="23.0.2"/>
    <property name="user.dir" value="C:\Users\jolan\OneDrive\Desktop\varsity\2025\semester 2\prog\assignment\Chess"/>
    <property name="os.arch" value="amd64"/>
    <property name="java.vm.specification.name" value="Java Virtual Machine Specification"/>
    <property name="sun.os.patch.level" value=""/>
    <property name="native.encoding" value="Cp1252"/>
    <property name="java.library.path" value="C:\Program Files\Java\jdk-23\bin;C:\WINDOWS\Sun\Java\bin;C:\WINDOWS\system32;C:\WINDOWS;C:\Program Files\NVIDIA GPU Computing Toolkit\CUDA\v12.9\bin;C:\Program Files\NVIDIA GPU Computing Toolkit\CUDA\v12.9\libnvvp;C:\Program Files\Common Files\Oracle\Java\javapath;C:\Program Files\Java\jdk-23\bin;C:\Users\jolan\AppData\Local\Microsoft\WindowsApps;C:\Users\jolan\AppData\Local\Programs\Python\Python312;C:\Users\jolan\AppData\Local\Programs\Python\Python312\Scripts;C:\WINDOWS\system32;C:\WINDOWS;C:\WINDOWS\System32\Wbem;C:\WINDOWS\System32\WindowsPowerShell\v1.0\;C:\WINDOWS\System32\OpenSSH\;C:\Program Files\Git\cmd;C:\Program Files\apache-maven-3.9.9\bin;C:\Program Files\CMake\bin;C:\Program Files\NVIDIA Corporation\Nsight Compute 2025.2.1\;C:\Program Files (x86)\NVIDIA Corporation\PhysX\Common;C:\Program Files\nodejs\;C:\Users\jolan\AppData\Local\platform-tools;C:\Users\jolan\anaconda3;C:\Users\jolan\anaconda3\Library\mingw-w64\bin;C:\Users\jolan\anaconda3\Library\usr\bin;C:\Users\jolan\anaconda3\Library\bin;C:\Users\jolan\anaconda3\Scripts;C:\Users\jolan\anaconda;C:\Users\jolan\anaconda\Library\mingw-w64\bin;C:\Users\jolan\anaconda\Library\usr\bin;C:\Users\jolan\anaconda\Library\bin;C:\Users\jolan\anaconda\Scripts;C:\Users\jolan\AppData\Local\Programs\Python\Launcher\;C:\Users\jolan\AppData\Local\Microsoft\WindowsApps;C:\Users\jolan\AppData\Local\JetBrains\Toolbox\scripts;C:\Users\jolan\AppData\Local\Programs\Microsoft VS Code\bin;C:\Users\jolan\AppData\Local\Microsoft\WinGet\Links;C:\Users\jolan\AppData\Local\Microsoft\WindowsApps;C:\Users\jolan\AppData\Roaming\npm;."/>
    <property name="java.vm.info" value="mixed mode, sharing"/>
    <property name="stderr.encoding" value="Cp1252"/>
    <property name="java.vendor" value="Oracle Corporation"/>
    <property name="java.vm.version" value="23.0.2+7-58"/>
    <property name="sun.io.unicode.encoding" value="UnicodeLittle"/>
    <property name="java.class.version" value="67.0"/>
  </properties>
  <testcase name="testInvalidMove" classname="com.mycompany.chess.BoardTest" time="0.075">
    <system-out><![CDATA[Invalid move for Pawn
Cannot capture your own piece!
]]></system-out>
  </testcase>
  <testcase name="testMoveKing" classname="com.mycompany.chess.BoardTest" time="0.008">
    <system-out><![CDATA[Invalid move for King
]]></system-out>
  </testcase>
  <testcase name="testMovePawn" classname="com.mycompany.chess.BoardTest" time="0.013">
    <system-out><![CDATA[Not your piece! It's black's turn.
]]></system-out>
  </testcase>
  <testcase name="testMoveRook" classname="com.mycompany.chess.BoardTest" time="0.004">
    <system-out><![CDATA[Invalid move for Rook
]]></system-out>
  </testcase>
  <testcase name="testMoveBishop" classname="com.mycompany.chess.BoardTest" time="0.016">
    <failure message="expected: &lt;true&gt; but was: &lt;false&gt;" type="org.opentest4j.AssertionFailedError"><![CDATA[org.opentest4j.AssertionFailedError: expected: <true> but was: <false>
	at org.junit.jupiter.api.AssertionFailureBuilder.build(AssertionFailureBuilder.java:151)
	at org.junit.jupiter.api.AssertionFailureBuilder.buildAndThrow(AssertionFailureBuilder.java:132)
	at org.junit.jupiter.api.AssertTrue.failNotTrue(AssertTrue.java:63)
	at org.junit.jupiter.api.AssertTrue.assertTrue(AssertTrue.java:36)
	at org.junit.jupiter.api.AssertTrue.assertTrue(AssertTrue.java:31)
	at org.junit.jupiter.api.Assertions.assertTrue(Assertions.java:183)
	at com.mycompany.chess.BoardTest.testMoveBishop(BoardTest.java:88)
	at java.base/java.lang.reflect.Method.invoke(Method.java:580)
	at java.base/java.util.ArrayList.forEach(ArrayList.java:1597)
	at java.base/java.util.ArrayList.forEach(ArrayList.java:1597)
]]></failure>
    <system-out><![CDATA[Invalid move for Bishop
]]></system-out>
  </testcase>
  <testcase name="testMoveQueen" classname="com.mycompany.chess.BoardTest" time="0.004">
    <system-out><![CDATA[Invalid move for Queen
]]></system-out>
  </testcase>
  <testcase name="testMoveKnight" classname="com.mycompany.chess.BoardTest" time="0.003">
    <system-out><![CDATA[Invalid move for Knight
]]></system-out>
  </testcase>
  <testcase name="testCapturePiece" classname="com.mycompany.chess.BoardTest" time="0.004"/>
  <testcase name="testParsePosition" classname="com.mycompany.chess.BoardTest" time="0.003"/>
</testsuite>